<?xml version="1.0" encoding="UTF-8"?>
<!-- Generated by org.testng.reporters.JUnitReportReporter -->
<testsuite hostname="DESKTOP-4PN1C26" failures="0" tests="4" name="api.test.UserTests" time="9.492" errors="0" timestamp="2024-10-12T03:45:59 CST" skipped="0">
  <testcase classname="api.test.UserTests" name="testPostUser" time="3.167"/>
  <testcase classname="api.test.UserTests" name="testGetUserByName" time="1.529"/>
  <testcase classname="api.test.UserTests" name="testUpdateUserByName" time="3.200"/>
  <testcase classname="api.test.UserTests" name="testDeleteUserByName" time="1.596"/>
</testsuite> <!-- api.test.UserTests -->
