<?xml version="1.0" encoding="UTF-8"?>
<!-- Generated by org.testng.reporters.JUnitReportReporter -->
<testsuite hostname="DESKTOP-4PN1C26" failures="0" tests="6" name="api.test.DDTests" time="9.082" errors="0" timestamp="2024-10-12T03:16:02 CST" skipped="0">
  <testcase classname="api.test.DDTests" name="testPostUser" time="2.920"/>
  <testcase classname="api.test.DDTests" name="testPostUser" time="1.580"/>
  <testcase classname="api.test.DDTests" name="testPostUser" time="1.592"/>
  <testcase classname="api.test.DDTests" name="testDeleteUserByName" time="1.391"/>
  <testcase classname="api.test.DDTests" name="testDeleteUserByName" time="0.002"/>
  <testcase classname="api.test.DDTests" name="testDeleteUserByName" time="1.597"/>
</testsuite> <!-- api.test.DDTests -->
