<?xml version="1.0" encoding="UTF-8"?>
<!-- Generated by org.testng.reporters.JUnitReportReporter -->
<testsuite hostname="DESKTOP-4PN1C26" failures="0" tests="6" name="api.test.DDTests" time="9.155" errors="0" timestamp="2024-10-12T23:05:41 CST" skipped="0">
  <testcase classname="api.test.DDTests" name="testPostUser" time="1.521"/>
  <testcase classname="api.test.DDTests" name="testPostUser" time="1.477"/>
  <testcase classname="api.test.DDTests" name="testPostUser" time="3.231"/>
  <testcase classname="api.test.DDTests" name="testDeleteUserByName" time="1.636"/>
  <testcase classname="api.test.DDTests" name="testDeleteUserByName" time="0.000"/>
  <testcase classname="api.test.DDTests" name="testDeleteUserByName" time="1.290"/>
</testsuite> <!-- api.test.DDTests -->
