<?xml version="1.0" encoding="UTF-8"?>
<!-- Generated by org.testng.reporters.JUnitReportReporter -->
<testsuite hostname="DESKTOP-4PN1C26" failures="0" tests="4" name="api.test.UserTests" time="7.136" errors="0" timestamp="2024-10-12T23:05:41 CST" skipped="0">
  <testcase classname="api.test.UserTests" name="testPostUser" time="1.466"/>
  <testcase classname="api.test.UserTests" name="testGetUserByName" time="1.357"/>
  <testcase classname="api.test.UserTests" name="testUpdateUserByName" time="2.872"/>
  <testcase classname="api.test.UserTests" name="testDeleteUserByName" time="1.441"/>
</testsuite> <!-- api.test.UserTests -->
